[2025-12-02 15:57:03,065] INFO - ================================================================================
[2025-12-02 15:57:03,066] INFO - PANTIP BANGKOK SCRAPER
[2025-12-02 15:57:03,066] INFO - ================================================================================
[2025-12-02 15:57:03,066] INFO - Starting Pantip scraper for Bangkok forums (max 50 posts)...
[2025-12-02 15:57:11,792] INFO - Visiting topic: https://pantip.com/topic/43868439
[2025-12-02 15:57:21,476] INFO - Visiting topic: https://pantip.com/topic/43878255
[2025-12-02 15:57:27,335] INFO - Visiting topic: https://pantip.com/topic/43879610
[2025-12-02 15:57:33,854] INFO - Visiting topic: https://pantip.com/topic/41619098
[2025-12-02 16:02:27,358] INFO - ================================================================================
[2025-12-02 16:02:27,358] INFO - PANTIP BANGKOK SCRAPER
[2025-12-02 16:02:27,358] INFO - ================================================================================
[2025-12-02 16:02:27,359] INFO - Starting Pantip scraper for Bangkok forums (max 50 posts)...
[2025-12-02 16:02:28,567] INFO - Scraping tag: กรุงเทพมหานคร
[2025-12-02 16:02:43,128] INFO - Found 30 topics for tag 'กรุงเทพมหานคร'
[2025-12-02 16:02:43,496] INFO - Visiting topic: https://pantip.com/topic/43868439
[2025-12-02 16:02:51,179] INFO - Successfully scraped: มวลอากาศเย็นระลอกปลายเดือนพฤศจิกายน 2568 กับปัจจัย...
[2025-12-02 16:02:53,181] INFO - Visiting topic: https://pantip.com/topic/43878255
[2025-12-02 16:02:57,512] INFO - Successfully scraped: แนะนำร้านของมือสองหรอโกดังญี่ปุ่นทีครับแถวบางกอก...
[2025-12-02 16:02:59,512] INFO - Visiting topic: https://pantip.com/topic/43879610
[2025-12-02 16:03:03,415] INFO - Successfully scraped: หอพักแถวมอสวนดุสิต...
[2025-12-02 16:03:05,416] INFO - Visiting topic: https://pantip.com/topic/41619098
[2025-12-02 16:03:11,661] INFO - Successfully scraped: เลือกทำประกัน กับบริษัท ไหนดี...
[2025-12-02 16:03:13,663] INFO - Visiting topic: https://pantip.com/topic/42933277
[2025-12-02 16:03:18,392] INFO - Successfully scraped: ปี 2573 ถ้าน้ำท่วมกรุงเทพ เราจะไปอยู่ไหนกัน...
[2025-12-02 16:03:20,393] INFO - Visiting topic: https://pantip.com/topic/43145212
[2025-12-02 16:03:26,082] INFO - Successfully scraped: [SR] 6 พิกัด ร้านขายยาราคาถูก ขายส่งในกรุงเทพ การั...
[2025-12-02 16:03:28,083] INFO - Visiting topic: https://pantip.com/topic/30712594
[2025-12-02 16:03:32,742] INFO - Successfully scraped: มีความจำเป็นต้องขับรถป้ายแดงไปต่างจังหวัด ต้องทำอย...
[2025-12-02 16:03:34,744] INFO - Visiting topic: https://pantip.com/topic/43878740
[2025-12-02 16:03:39,391] INFO - Successfully scraped: แนะนำที่เที่ยวในกทม...
[2025-12-02 16:03:41,391] INFO - Visiting topic: https://pantip.com/topic/42392953
[2025-12-02 16:03:47,715] INFO - Successfully scraped: แนะนำห้องพักชั่วคราวในกทม.ที่ติดMRT/BTSหน่อยครับ...
[2025-12-02 16:03:49,716] INFO - Visiting topic: https://pantip.com/topic/43027983
[2025-12-02 16:03:54,599] INFO - Successfully scraped: สอบถามค่ะ จะนั่งรถตู้กรุงเทพ-อยุธยาค่ะ ต้องขึ้นยัง...
[2025-12-02 16:03:56,600] INFO - Scraping tag: กรุงเทพ
